<?xml version="1.0" encoding="UTF-8"?>
<testng-results skipped="0" failed="0" ignored="0" total="2" passed="2">
  <reporter-output>
  </reporter-output>
  <suite name="Default suite" duration-ms="23570" started-at="2024-09-02T08:14:12Z" finished-at="2024-09-02T08:14:36Z">
    <groups>
    </groups>
    <test name="Default test" duration-ms="23570" started-at="2024-09-02T08:14:12Z" finished-at="2024-09-02T08:14:36Z">
      <class name="webDriver.Check_Session">
        <test-method status="PASS" signature="sessioncookies()[pri:1, instance:webDriver.Check_Session@384ad17b]" name="sessioncookies" duration-ms="14095" started-at="2024-09-02T08:14:12Z" finished-at="2024-09-02T08:14:27Z">
          <reporter-output>
          </reporter-output>
        </test-method> <!-- sessioncookies -->
        <test-method status="PASS" signature="sessioncookies2()[pri:2, instance:webDriver.Check_Session@384ad17b]" name="sessioncookies2" duration-ms="9425" started-at="2024-09-02T08:14:27Z" finished-at="2024-09-02T08:14:36Z">
          <reporter-output>
          </reporter-output>
        </test-method> <!-- sessioncookies2 -->
      </class> <!-- webDriver.Check_Session -->
    </test> <!-- Default test -->
  </suite> <!-- Default suite -->
</testng-results>
